<?xml version="1.0" encoding="utf-8"?><testsuites name="pytest tests"><testsuite name="pytest" errors="1" failures="0" skipped="0" tests="1" time="8.893" timestamp="2026-02-27T16:38:09.195058-03:00" hostname="pop-os"><testcase classname="" name="tests.unit.domain.investigation.test_graph_connectivity" time="0.000"><error message="collection failure">ImportError while importing test module '/home/lira/Projetos/PFF/tests/unit/domain/investigation/test_graph_connectivity.py'.
Hint: make sure your test modules/packages have valid Python names.
Traceback:
../../.local/python-3.12.12/lib/python3.12/importlib/__init__.py:90: in import_module
    return _bootstrap._gcd_import(name[level:], package, level)
           ^^^^^^^^^^^^^^^^^^^^^^^^^^^^^^^^^^^^^^^^^^^^^^^^^^^^
tests/unit/domain/investigation/test_graph_connectivity.py:8: in &lt;module&gt;
    import networkx as nx
.venv/lib/python3.12/site-packages/networkx/__init__.py:19: in &lt;module&gt;
    from networkx import utils
.venv/lib/python3.12/site-packages/networkx/utils/__init__.py:2: in &lt;module&gt;
    from networkx.utils.decorators import *
.venv/lib/python3.12/site-packages/networkx/utils/decorators.py:1: in &lt;module&gt;
    import bz2
../../.local/python-3.12.12/lib/python3.12/bz2.py:17: in &lt;module&gt;
    from _bz2 import BZ2Compressor, BZ2Decompressor
E   ImportError: libbz2.so.1.0: cannot open shared object file: No such file or directory</error></testcase></testsuite></testsuites>